make all --print-data-base --no-builtin-variables --no-builtin-rules --question
# GNU Make 3.82
# Built for x86_64-redhat-linux-gnu
# Copyright (C) 2010  Free Software Foundation, Inc.
# License GPLv3+: GNU GPL version 3 or later <http://gnu.org/licenses/gpl.html>
# This is free software: you are free to change and redistribute it.
# There is NO WARRANTY, to the extent permitted by law.

# Make data base, printed on Fri May 20 19:16:18 2022

# Variables

# automatic
<D = $(patsubst %/,%,$(dir $<))
# automatic
?F = $(notdir $?)
# default
.SHELLFLAGS := -c
# environment
VSCODE_AGENT_FOLDER = /u/ywagle/.vscode-server
# environment
VSCODE_LOG_NATIVE = false
# automatic
?D = $(patsubst %/,%,$(dir $?))
# automatic
@D = $(patsubst %/,%,$(dir $@))
# automatic
@F = $(notdir $@)
# default
MAKE_VERSION := 3.82
# makefile
CURDIR := /home/ywagle/common/Documents/ECE593/final_project/pipelined_picoblaze_hdl
# makefile
SHELL = /bin/sh
# environment
VSCODE_NLS_CONFIG = {"locale":"en","availableLanguages":{}}
# environment
_ = /usr/bin/make
# makefile (from `Makefile', line 1)
MAKEFILE_LIST :=  Makefile
# environment
SNPSLMD_LICENSE_FILE = 27000@synopsys-lic.cat.pdx.edu
# environment
VSCODE_VERBOSE_LOGGING = true
# environment
VSCODE_CWD = /u/ywagle
# environment
MTI_VCO_MODE = 64
# environment
SSH_CONNECTION = 10.218.120.36 50008 10.218.207.20 22
# environment
PATH = /u/ywagle/.vscode-server/bin/da15b6fd3ef856477bf6f4fb29ba1b7af717770d/bin/remote-cli:/opt/rh/rh-git218/root/usr/bin:/opt/rh/httpd24/root/usr/bin:/opt/rh/httpd24/root/usr/sbin:/opt/rh/rh-git218/root/usr/bin:/opt/rh/httpd24/root/usr/bin:/opt/rh/httpd24/root/usr/sbin:/pkgs/mentor/questa/2019.2_1/questasim/bin:/pkgs/cadence/2020-11/GENUS191/bin:/pkgs/cadence/2020-11/INNOVUS191/bin:/pkgs/cadence/2020-11/MODUS201/bin:/pkgs/cadence/2020-11/SSV191/bin:/usr/local/bin:/usr/bin:/pkgs/synopsys/pts_vO-2018.06/pts/O-2018.06/bin:/pkgs/synopsys/2020/design_compiler/syn/Q-2019.12-SP3/bin:/pkgs/synopsys/2020/icc2/icc2/Q-2019.12-SP4/bin:/pkgs/synopsys/2020/icv/icvalidator/Q-2019.12-SP2-4/bin:/pkgs/synopsys/2016/tetramax/bin:/lib64/openmpi/bin:/lib64/openmpi/bin
# environment
LM_LICENSE_FILE = 27000@synopsys-lic.cat.pdx.edu:27000@synopsys-lic.cat.pdx.edu:27000@synopsys-lic.cat.pdx.edu
# environment
XDG_RUNTIME_DIR = /run/user/18201
# environment
LIBRARY_PATH = /opt/rh/httpd24/root/usr/lib64:/opt/rh/httpd24/root/usr/lib64
# environment
QUESTA_VERSION = 2019.2_1
# environment
VSCODE_LOG_STACK = false
# environment
SELINUX_USE_CURRENT_RANGE = 
# default
.FEATURES := target-specific order-only second-expansion else-if shortest-stem undefine oneshell archives jobserver check-symlink
# automatic
%F = $(notdir $%)
# environment
VSCODE_PIPE_LOGGING = true
# environment
PWD = /home/ywagle/common/Documents/ECE593/final_project/pipelined_picoblaze_hdl
# environment
VSCODE_IPC_HOOK_CLI = /run/user/18201/vscode-ipc-59c3530c-e63e-4d2a-a299-3ccbc144e4a0.sock
# automatic
*D = $(patsubst %/,%,$(dir $*))
# environment
PKG_CONFIG_PATH = /opt/rh/httpd24/root/usr/lib64/pkgconfig:/opt/rh/httpd24/root/usr/lib64/pkgconfig
# environment
MGLS_LICENSE_FILE = 1717@mentor-lic.cecs.pdx.edu
# environment
MANPATH = /opt/rh/rh-git218/root/usr/share/man:/opt/rh/httpd24/root/usr/share/man:/usr/share/man:/usr/local/man:/usr/local/share/man
# environment
VSCODE_AMD_ENTRYPOINT = vs/workbench/api/node/extensionHostProcess
# environment
HOME = /u/ywagle
# environment
LD_LIBRARY_PATH = /opt/rh/httpd24/root/usr/lib64:/opt/rh/httpd24/root/usr/lib64:/opt/rh/httpd24/root/usr/lib64:/opt/rh/httpd24/root/usr/lib64
# environment
_REQUESTOR = faustm
# environment
PERL5LIB = /opt/rh/rh-git218/root/usr/share/perl5/vendor_perl:/opt/rh/rh-git218/root/usr/share/perl5/vendor_perl
# environment
LOGNAME = ywagle
# environment
APPLICATION_INSIGHTS_NO_DIAGNOSTIC_CHANNEL = true
# automatic
+F = $(notdir $+)
# environment
SELINUX_LEVEL_REQUESTED = 
# environment
CDS_LIC_FILE = 5280@cadence-lic.cecs.pdx.edu
# environment
VSCODE_HANDLES_UNCAUGHT_ERRORS = true
# automatic
^D = $(patsubst %/,%,$(dir $^))
# environment
MAKELEVEL := 0
# default
MAKE = $(MAKE_COMMAND)
# default
MAKECMDGOALS := all
# environment
SHLVL = 5
# environment
HOME_0IN = 
# environment
XDG_SESSION_ID = 327825
# environment
USER = ywagle
# makefile
.DEFAULT_GOAL := setup
# automatic
%D = $(patsubst %/,%,$(dir $%))
# environment
ADDPKG_SETUP_RUN = yes
# default
MAKE_COMMAND := make
# default
.VARIABLES := 
# automatic
*F = $(notdir $*)
# environment
KRB5CCNAME = FILE:/tmp/krb5cc_18201_Li5VRj
# makefile
MAKEFLAGS = Rrqp
# environment
MFLAGS = -Rrqp
# environment
SSH_CLIENT = 10.218.120.36 50008 22
# environment
MAIL = /var/mail/ywagle
# automatic
+D = $(patsubst %/,%,$(dir $+))
# environment
BROWSER = /u/ywagle/.vscode-server/bin/da15b6fd3ef856477bf6f4fb29ba1b7af717770d/bin/helpers/browser.sh
# environment
VSCODE_HANDLES_SIGPIPE = true
# default
MAKEFILES := 
# automatic
<F = $(notdir $<)
# environment
ADDPKG_CONF_ROOT = /pkgs/pkgs
# environment
LC_ALL = C
# automatic
^F = $(notdir $^)
# environment
SELINUX_ROLE_REQUESTED = 
# default
SUFFIXES := 
# default
.INCLUDE_DIRS = /usr/include /usr/local/include /usr/include
# default
.RECIPEPREFIX := 
# environment
LANG = C
# environment
VSCODE_EXTHOST_WILL_SEND_SOCKET = true
# variable set hash-table stats:
# Load=79/1024=8%, Rehash=0, Collisions=7/101=7%

# Pattern-specific Variable Values

# No pattern-specific variable values.

# Directories

# . (device 105, inode 1999754): 36 files, no impossibilities.

# 36 files, no impossibilities in 1 directories.

# Implicit Rules

# No implicit rules.

# Files

setup:
#  Implicit rule search has not been done.
#  Modification time never checked.
#  File has not been updated.
#  recipe to execute (from `Makefile', line 6):
	vlib work
	vmap work work

setup_design:
#  Implicit rule search has not been done.
#  Modification time never checked.
#  File has not been updated.
#  recipe to execute (from `Makefile', line 19):
	vlib work
	vmap work work

# Not a target:
all:
#  Command line target.
#  Implicit rule search has been done.
#  File does not exist.
#  File has not been updated.

# Not a target:
.SUFFIXES:
#  Implicit rule search has not been done.
#  Modification time never checked.
#  File has not been updated.

# Not a target:
Makefile:
#  Implicit rule search has been done.
#  Last modified 2022-05-20 17:56:21.278571724
#  File has been updated.
#  Successfully updated.

compile:
#  Implicit rule search has not been done.
#  Modification time never checked.
#  File has not been updated.
#  recipe to execute (from `Makefile', line 10):
	vlog tb_generator.sv

# Not a target:
.DEFAULT:
#  Implicit rule search has not been done.
#  Modification time never checked.
#  File has not been updated.

compile_design:
#  Implicit rule search has not been done.
#  Modification time never checked.
#  File has not been updated.
#  recipe to execute (from `Makefile', line 23):
	vlog rojoblaze_defs.sv kcpsmx3_inc.sv blockram.sv disassembler.sv kcpsm_register.sv kcpsmx3_idu.sv kcpsmx_alu.sv kcpsmx_stack.sv kcpsmx_scratch.sv kcpsm_rojo.sv tb_testprogs.sv

run:
#  Implicit rule search has not been done.
#  Modification time never checked.
#  File has not been updated.
#  recipe to execute (from `Makefile', line 14):
	vsim -coverage -vopt work.top -c -do "coverage save -onexit -directive -cvg -codeAll functional_coverage; run -all" +Repeat_Value=10000 +Task_String="reset"

clean:
#  Implicit rule search has not been done.
#  Modification time never checked.
#  File has not been updated.
#  recipe to execute (from `Makefile', line 33):
	rm -rf work work.$(MODE) transcript *~ vsim.wlf *.log dgs.dbg dmslogdir

run_design:
#  Implicit rule search has not been done.
#  Modification time never checked.
#  File has not been updated.
#  recipe to execute (from `Makefile', line 27):
	vsim -coverage -vopt work.alt_rojo_tb -c -do "coverage save -onexit -directive -cvg -codeAll functional_coverage; run -all" +Repeat_Value=10000 +Task_String="reset"

html:
#  Implicit rule search has not been done.
#  Modification time never checked.
#  File has not been updated.
#  recipe to execute (from `Makefile', line 36):
	vcover report -html functional_coverage

report:
#  Implicit rule search has not been done.
#  Modification time never checked.
#  File has not been updated.
#  recipe to execute (from `Makefile', line 30):
	vcover report -verbose functional_coverage > report.txt
 
make: *** No rule to make target `all'.  Stop.


# files hash-table stats:
# Load=13/1024=1%, Rehash=0, Collisions=0/23=0%
# VPATH Search Paths

# No `vpath' search paths.

# No general (`VPATH' variable) search path.

# # of strings in strcache: 0 / lookups = 63 / hits = 63
# # of strcache buffers: 1 (* 8176 B/buffer = 8176 B)
# strcache used: total = 0 (653) / max = 0 / min = 8176 / avg = 0
# strcache free: total = 0 (7523) / max = 0 / min = 8176 / avg = 0

# strcache hash-table stats:
# Load=50/8192=1%, Rehash=0, Collisions=1/63=2%
# Finished Make data base on Fri May 20 19:16:18 2022

 
